#
# There is insufficient memory for the Java Runtime Environment to continue.
# Native memory allocation (mmap) failed to map 1048576 bytes for Failed to commit area from 0x000001fd0ff90000 to 0x000001fd10090000 of length 1048576.
# Possible reasons:
#   The system is out of physical RAM or swap space
#   The process is running with CompressedOops enabled, and the Java Heap may be blocking the growth of the native heap
# Possible solutions:
#   Reduce memory load on the system
#   Increase physical memory or swap space
#   Check if swap backing store is full
#   Decrease Java heap size (-Xmx/-Xms)
#   Decrease number of Java threads
#   Decrease Java thread stack sizes (-Xss)
#   Set larger code cache with -XX:ReservedCodeCacheSize=
# This output file may be truncated or incomplete.
#
#  Out of Memory Error (t:/workspace/open/src/hotspot/os/windows/os_windows.cpp:3254), pid=13224, tid=12176
#
# JRE version:  (12.0+33) (build )
# Java VM: Java HotSpot(TM) 64-Bit Server VM (12+33, mixed mode, sharing, tiered, compressed oops, g1 gc, windows-amd64)
# No core dump will be written. Minidumps are not enabled by default on client versions of Windows
#

---------------  S U M M A R Y ------------

Command Line: -agentlib:jdwp=transport=dt_socket,server=n,suspend=y,address=localhost:64514 -Dfile.encoding=UTF-8 com.example.demo.DemoApplication

Host: Intel(R) Core(TM) i7-3517U CPU @ 1.90GHz, 4 cores, 3G,  Windows 10 , 64 bit Build 17763 (10.0.17763.475)
Time: Fri Aug 23 13:44:20 2019 West-Europa (zomertijd) elapsed time: 0 seconds (0d 0h 0m 0s)

---------------  T H R E A D  ---------------

Current thread (0x000001fd773e0800):  JavaThread "Unknown thread" [_thread_in_vm, id=12176, stack(0x000000a841000000,0x000000a841100000)]

Stack: [0x000000a841000000,0x000000a841100000]
Native frames: (J=compiled Java code, j=interpreted, Vv=VM code, C=native code)
V  [jvm.dll+0x63948a]
V  [jvm.dll+0x78b31f]
V  [jvm.dll+0x78c9c1]
V  [jvm.dll+0x78d013]
V  [jvm.dll+0x262138]
V  [jvm.dll+0x63698a]
V  [jvm.dll+0x62b505]
V  [jvm.dll+0x31d9bc]
V  [jvm.dll+0x31d7ef]
V  [jvm.dll+0x323526]
V  [jvm.dll+0x370f9f]
V  [jvm.dll+0x370750]
V  [jvm.dll+0x2f786a]
V  [jvm.dll+0x2f8af2]
V  [jvm.dll+0x7657b7]
V  [jvm.dll+0x766e95]
V  [jvm.dll+0x37f089]
V  [jvm.dll+0x749b14]
V  [jvm.dll+0x3ee48d]
V  [jvm.dll+0x3f03c1]
C  [jli.dll+0x51cf]
C  [ucrtbase.dll+0x21ffa]
C  [KERNEL32.DLL+0x17974]
C  [ntdll.dll+0x6a271]


---------------  P R O C E S S  ---------------

Threads class SMR info:
_java_thread_list=0x00007ff85a7c48e8, length=0, elements={
}

Java Threads: ( => current thread )

Other Threads:
  0x000001fd7740e800 GCTaskThread "GC Thread#0" [stack: 0x000000a841100000,0x000000a841200000] [id=3436]
  0x000001fd77417000 ConcurrentGCThread "G1 Main Marker" [stack: 0x000000a841200000,0x000000a841300000] [id=17740]
  0x000001fd77419800 ConcurrentGCThread "G1 Conc#0" [stack: 0x000000a841300000,0x000000a841400000] [id=7432]

[error occurred during error reporting (printing all threads), id 0xc0000005, EXCEPTION_ACCESS_VIOLATION (0xc0000005) at pc=0x00007ff859ff7a37]

VM state:not at safepoint (not fully initialized)

VM Mutex/Monitor currently owned by a thread:  ([mutex/lock_event])
[0x000001fd773de740] Heap_lock - owner thread: 0x000001fd773e0800

Heap address: 0x00000000c1c00000, size: 996 MB, Compressed Oops mode: Non-zero based: 0x00000000c1c00000
Narrow klass base: 0x0000000000000000, Narrow klass shift: 0

GC Heap History (0 events):
No events

Deoptimization events (0 events):
No events

Classes redefined (0 events):
No events

Internal exceptions (0 events):
No events

Events (0 events):
No events


Dynamic libraries:
0x00007ff695040000 - 0x00007ff69504f000 	C:\Program Files\Java\jdk-12\bin\java.exe
0x00007ff8b9240000 - 0x00007ff8b942d000 	C:\Windows\SYSTEM32\ntdll.dll
0x00007ff8b0420000 - 0x00007ff8b0432000 	C:\Program Files\AVG\Antivirus\aswhook.dll
0x00007ff8b6fa0000 - 0x00007ff8b7053000 	C:\Windows\System32\KERNEL32.DLL
0x00007ff8b61d0000 - 0x00007ff8b6463000 	C:\Windows\System32\KERNELBASE.dll
0x00007ff8b5ec0000 - 0x00007ff8b5fba000 	C:\Windows\System32\ucrtbase.dll
0x00007ff8a4d10000 - 0x00007ff8a4d28000 	C:\Program Files\Java\jdk-12\bin\jli.dll
0x00007ff8b90e0000 - 0x00007ff8b9183000 	C:\Windows\System32\ADVAPI32.dll
0x00007ff8b6e30000 - 0x00007ff8b6ece000 	C:\Windows\System32\msvcrt.dll
0x00007ff8b64a0000 - 0x00007ff8b653e000 	C:\Windows\System32\sechost.dll
0x00007ff8b7060000 - 0x00007ff8b7182000 	C:\Windows\System32\RPCRT4.dll
0x00007ff8b7990000 - 0x00007ff8b7b27000 	C:\Windows\System32\USER32.dll
0x00007ff8b6100000 - 0x00007ff8b6120000 	C:\Windows\System32\win32u.dll
0x00007ff8b6470000 - 0x00007ff8b6499000 	C:\Windows\System32\GDI32.dll
0x00007ff8b5d20000 - 0x00007ff8b5eb9000 	C:\Windows\System32\gdi32full.dll
0x00007ff8b6060000 - 0x00007ff8b6100000 	C:\Windows\System32\msvcp_win.dll
0x00007ff8a4800000 - 0x00007ff8a4816000 	C:\Program Files\Java\jdk-12\bin\VCRUNTIME140.dll
0x00007ff8a4d70000 - 0x00007ff8a4fe9000 	C:\Windows\WinSxS\amd64_microsoft.windows.common-controls_6595b64144ccf1df_6.0.17763.678_none_05b74150071d72bf\COMCTL32.dll
0x00007ff8b7410000 - 0x00007ff8b773c000 	C:\Windows\System32\combase.dll
0x00007ff8b5fc0000 - 0x00007ff8b603e000 	C:\Windows\System32\bcryptPrimitives.dll
0x00007ff8a72b0000 - 0x00007ff8a72ba000 	C:\Windows\SYSTEM32\VERSION.dll
0x00007ff8b6da0000 - 0x00007ff8b6dce000 	C:\Windows\System32\IMM32.DLL
0x00007ff882a90000 - 0x00007ff882b3a000 	C:\Program Files\Java\jdk-12\bin\msvcp140.dll
0x00007ff859cf0000 - 0x00007ff85a864000 	C:\Program Files\Java\jdk-12\bin\server\jvm.dll
0x00007ff8b7be0000 - 0x00007ff8b7be8000 	C:\Windows\System32\PSAPI.DLL
0x00007ff8b3da0000 - 0x00007ff8b3da9000 	C:\Windows\SYSTEM32\WSOCK32.dll
0x00007ff8b7390000 - 0x00007ff8b73fd000 	C:\Windows\System32\WS2_32.dll
0x00007ff8ae540000 - 0x00007ff8ae564000 	C:\Windows\SYSTEM32\WINMM.dll
0x00007ff8ae510000 - 0x00007ff8ae53d000 	C:\Windows\SYSTEM32\WINMMBASE.dll
0x00007ff8b6120000 - 0x00007ff8b616a000 	C:\Windows\System32\cfgmgr32.dll
0x00007ff8b52d0000 - 0x00007ff8b52e1000 	C:\Windows\System32\kernel.appcore.dll
0x00007ff8a46e0000 - 0x00007ff8a46f1000 	C:\Program Files\Java\jdk-12\bin\verify.dll
0x00007ff8b3bb0000 - 0x00007ff8b3d9d000 	C:\Windows\SYSTEM32\DBGHELP.DLL
0x00007ff8a72e0000 - 0x00007ff8a730a000 	C:\Windows\SYSTEM32\dbgcore.DLL
0x00007ff8a4490000 - 0x00007ff8a44b6000 	C:\Program Files\Java\jdk-12\bin\java.dll
0x00007ff89eb70000 - 0x00007ff89eba8000 	C:\Program Files\Java\jdk-12\bin\jdwp.dll
0x00007ff8a4630000 - 0x00007ff8a4647000 	C:\Program Files\Java\jdk-12\bin\zip.dll
0x00007ff8aecb0000 - 0x00007ff8aecba000 	C:\Program Files\Java\jdk-12\bin\jimage.dll

dbghelp: loaded successfully - version: 4.0.5 - missing functions: none
symbol engine: initialized successfully - sym options: 0x614 - pdb path: .;C:\Program Files\Java\jdk-12\bin;C:\Windows\SYSTEM32;C:\Program Files\AVG\Antivirus;C:\Windows\WinSxS\amd64_microsoft.windows.common-controls_6595b64144ccf1df_6.0.17763.678_none_05b74150071d72bf;C:\Program Files\Java\jdk-12\bin\server

VM Arguments:
jvm_args: -agentlib:jdwp=transport=dt_socket,server=n,suspend=y,address=localhost:64514 -Dfile.encoding=UTF-8 
java_command: com.example.demo.DemoApplication
java_class_path (initial): C:\Users\cartm\Documents\GitHub\Cthulu\3.Front end en Back end development\Cthulhu_2.1\target\classes;C:\Users\cartm\.m2\repository\org\springframework\boot\spring-boot-starter-data-rest\2.1.6.RELEASE\spring-boot-starter-data-rest-2.1.6.RELEASE.jar;C:\Users\cartm\.m2\repository\org\springframework\data\spring-data-rest-webmvc\3.1.9.RELEASE\spring-data-rest-webmvc-3.1.9.RELEASE.jar;C:\Users\cartm\.m2\repository\org\springframework\data\spring-data-rest-core\3.1.9.RELEASE\spring-data-rest-core-3.1.9.RELEASE.jar;C:\Users\cartm\.m2\repository\org\springframework\hateoas\spring-hateoas\0.25.1.RELEASE\spring-hateoas-0.25.1.RELEASE.jar;C:\Users\cartm\.m2\repository\org\springframework\plugin\spring-plugin-core\1.2.0.RELEASE\spring-plugin-core-1.2.0.RELEASE.jar;C:\Users\cartm\.m2\repository\org\atteo\evo-inflector\1.2.2\evo-inflector-1.2.2.jar;C:\Users\cartm\.m2\repository\com\fasterxml\jackson\core\jackson-databind\2.9.9\jackson-databind-2.9.9.jar;C:\Users\cartm\.m2\repository\com\fasterxml\jackson\core\jackson-core\2.9.9\jackson-core-2.9.9.jar;C:\Users\cartm\.m2\repository\com\fasterxml\jackson\core\jackson-annotations\2.9.0\jackson-annotations-2.9.0.jar;C:\Users\cartm\.m2\repository\org\slf4j\slf4j-api\1.7.26\slf4j-api-1.7.26.jar;C:\Users\cartm\.m2\repository\org\springframework\boot\spring-boot-starter-data-jpa\2.1.6.RELEASE\spring-boot-starter-data-jpa-2.1.6.RELEASE.jar;C:\Users\cartm\.m2\repository\org\springframework\boot\spring-boot-starter-aop\2.1.6.RELEASE\spring-boot-starter-aop-2.1.6.RELEASE.jar;C:\Users\cartm\.m2\repository\org\springframework\spring-aop\5.1.8.RELEASE\spring-aop-5.1.8.RELEASE.jar;C:\Users\cartm\.m2\repository\org\aspectj\aspectjweaver\1.9.4\aspectjweaver-1.9.4.jar;C:\Users\cartm\.m2\repository\org\springframework\boot\spring-boot-starter-jdbc\2.1.6.RELEASE\spring-boot-starter-jdbc-2.1.6.RELEASE.jar;C:\Users\cartm\.m2\repository\com\zaxxer\HikariCP\3.2.0\HikariCP-3.2.0.jar;C:\Users\cartm\.m2\repository\org\springfram
Launcher Type: SUN_STANDARD

[Global flags]
     intx CICompilerCount                          = 3                                         {product} {ergonomic}
     uint ConcGCThreads                            = 1                                         {product} {ergonomic}
     uint G1ConcRefinementThreads                  = 4                                         {product} {ergonomic}
   size_t G1HeapRegionSize                         = 1048576                                   {product} {ergonomic}
    uintx GCDrainStackTargetSize                   = 64                                        {product} {ergonomic}
   size_t InitialHeapSize                          = 67108864                                  {product} {ergonomic}
   size_t MarkStackSize                            = 4194304                                   {product} {ergonomic}
   size_t MaxHeapSize                              = 1044381696                                {product} {ergonomic}
   size_t MinHeapDeltaBytes                        = 1048576                                   {product} {ergonomic}
    uintx NonNMethodCodeHeapSize                   = 5830732                                {pd product} {ergonomic}
    uintx NonProfiledCodeHeapSize                  = 122913754                              {pd product} {ergonomic}
    uintx ProfiledCodeHeapSize                     = 122913754                              {pd product} {ergonomic}
    uintx ReservedCodeCacheSize                    = 251658240                              {pd product} {ergonomic}
     bool SegmentedCodeCache                       = true                                      {product} {ergonomic}
     bool UseCompressedClassPointers               = true                                 {lp64_product} {ergonomic}
     bool UseCompressedOops                        = true                                 {lp64_product} {ergonomic}
     bool UseG1GC                                  = true                                      {product} {ergonomic}
     bool UseLargePagesIndividualAllocation        = false                                  {pd product} {ergonomic}

Logging:
Log output configuration:
 #0: stdout all=warning uptime,level,tags
 #1: stderr all=off uptime,level,tags

Environment Variables:
PATH=C:\Windows\system32;C:\Windows;C:\Windows\System32\Wbem;C:\Windows\System32\WindowsPowerShell\v1.0\;C:\Windows\System32\OpenSSH\;C:\Program Files\Java\jdk-12\bin;C:\Program Files\Git\cmd;C:\Program Files\apache-maven-3.6.1\bin;C:\Program Files\nodejs\;C:\Users\cartm\AppData\Local\Microsoft\WindowsApps;C:\Users\cartm\AppData\Local\Programs\Microsoft VS Code\bin;C:\Users\cartm\AppData\Roaming\npm;C:\Users\cartm\AppData\Local\GitHubDesktop\bin
USERNAME=cartm
OS=Windows_NT
PROCESSOR_IDENTIFIER=Intel64 Family 6 Model 58 Stepping 9, GenuineIntel



---------------  S Y S T E M  ---------------

OS: Windows 10 , 64 bit Build 17763 (10.0.17763.475)

CPU:total 4 (initial active 4) (2 cores per cpu, 2 threads per core) family 6 model 58 stepping 9, cmov, cx8, fxsr, mmx, sse, sse2, sse3, ssse3, sse4.1, sse4.2, popcnt, avx, aes, clmul, erms, ht, tsc, tscinvbit, tscinv

Memory: 4k page, system-wide physical 3981M (254M free)
TotalPageFile size 16269M (AvailPageFile size 50M)
current process WorkingSet (physical memory assigned to process): 10M, peak: 10M
current process commit charge ("private bytes"): 117M, peak: 117M

vm_info: Java HotSpot(TM) 64-Bit Server VM (12+33) for windows-amd64 JRE (12+33), built on Feb 21 2019 02:31:50 by "mach5one" with MS VC++ 15.5 (VS2017)

END.
